#
# There is insufficient memory for the Java Runtime Environment to continue.
# Native memory allocation (malloc) failed to allocate 1048576 bytes for AllocateHeap
# Possible reasons:
#   The system is out of physical RAM or swap space
#   The process is running with CompressedOops enabled, and the Java Heap may be blocking the growth of the native heap
# Possible solutions:
#   Reduce memory load on the system
#   Increase physical memory or swap space
#   Check if swap backing store is full
#   Decrease Java heap size (-Xmx/-Xms)
#   Decrease number of Java threads
#   Decrease Java thread stack sizes (-Xss)
#   Set larger code cache with -XX:ReservedCodeCacheSize=
#   JVM is running with Unscaled Compressed Oops mode in which the Java heap is
#     placed in the first 4GB address space. The Java Heap base address is the
#     maximum limit for the native heap growth. Please use -XX:HeapBaseMinAddress
#     to set the Java Heap base and to place the Java Heap above 4GB virtual address.
# This output file may be truncated or incomplete.
#
#  Out of Memory Error (allocation.cpp:44), pid=14076, tid=4672
#
# JRE version:  (17.0.6+10) (build )
# Java VM: OpenJDK 64-Bit Server VM (17.0.6+10-b829.9, mixed mode, sharing, tiered, compressed oops, compressed class ptrs, g1 gc, windows-amd64)
# No core dump will be written. Minidumps are not enabled by default on client versions of Windows
#

---------------  S U M M A R Y ------------

Command Line: git4idea.http.GitAskPassApp Username for 'https://github.com': 

Host: Intel(R) Core(TM) i5-10210U CPU @ 1.60GHz, 8 cores, 7G,  Windows 11 , 64 bit Build 22621 (10.0.22621.1778)
Time: Thu Jul  6 13:43:46 2023  Windows 11 , 64 bit Build 22621 (10.0.22621.1778) elapsed time: 0.024017 seconds (0d 0h 0m 0s)

---------------  T H R E A D  ---------------

Current thread (0x000002bad2e9b690):  JavaThread "Unknown thread" [_thread_in_vm, id=4672, stack(0x000000e2fcc00000,0x000000e2fcd00000)]

Stack: [0x000000e2fcc00000,0x000000e2fcd00000]
Native frames: (J=compiled Java code, j=interpreted, Vv=VM code, C=native code)
V  [jvm.dll+0x683c5a]
V  [jvm.dll+0x842764]
V  [jvm.dll+0x843f5e]
V  [jvm.dll+0x8445c3]
V  [jvm.dll+0x249b75]
V  [jvm.dll+0xa641f]
V  [jvm.dll+0x2e8e27]
V  [jvm.dll+0x2e0b3b]
V  [jvm.dll+0x814051]
V  [jvm.dll+0x36e6a1]
V  [jvm.dll+0x7f358c]
V  [jvm.dll+0x3f0e8f]
V  [jvm.dll+0x3f29d1]
C  [jli.dll+0x526b]
C  [ucrtbase.dll+0x29363]
C  [KERNEL32.DLL+0x126ad]
C  [ntdll.dll+0x5a9f8]


---------------  P R O C E S S  ---------------

Threads class SMR info:
_java_thread_list=0x00007ffd6e18c058, length=0, elements={
}

Java Threads: ( => current thread )

Other Threads:
  0x000002bad2ef4ca0 GCTaskThread "GC Thread#0" [stack: 0x000000e2fcd00000,0x000000e2fce00000] [id=11488]

[error occurred during error reporting (printing all threads), id 0xc0000005, EXCEPTION_ACCESS_VIOLATION (0xc0000005) at pc=0x00007ffd6d93dd70]

VM state: not at safepoint (not fully initialized)

VM Mutex/Monitor currently owned by a thread:  ([mutex/lock_event])
[0x000002bad2e95440] Heap_lock - owner thread: 0x000002bad2e9b690

Heap address: 0x0000000083600000, size: 1994 MB, Compressed Oops mode: 32-bit

CDS archive(s) mapped at: [0x0000000000000000-0x0000000000000000-0x0000000000000000), size 0, SharedBaseAddress: 0x0000000800000000, ArchiveRelocationMode: 0.
Narrow klass base: 0x0000000000000000, Narrow klass shift: 0, Narrow klass range: 0x0

GC Precious Log:
<Empty>

Heap:
 garbage-first heap   total 0K, used 0K [0x0000000083600000, 0x0000000100000000)
  region size 1024K, 0 young (0K), 0 survivors (0K)

[error occurred during error reporting (printing heap information), id 0xc0000005, EXCEPTION_ACCESS_VIOLATION (0xc0000005) at pc=0x00007ffd6dd2da49]

GC Heap History (0 events):
No events

Dll operation events (1 events):
Event: 0.017 Loaded shared library C:\Program Files\JetBrains\IntelliJ IDEA 2023.1.2\jbr\bin\java.dll

Deoptimization events (0 events):
No events

Classes unloaded (0 events):
No events

Classes redefined (0 events):
No events

Internal exceptions (0 events):
No events

VM Operations (0 events):
No events

Events (0 events):
No events


Dynamic libraries:
0x00007ff794800000 - 0x00007ff79480a000 	C:\Program Files\JetBrains\IntelliJ IDEA 2023.1.2\jbr\bin\java.exe
0x00007ffdb64f0000 - 0x00007ffdb6704000 	C:\WINDOWS\SYSTEM32\ntdll.dll
0x00007ffdb4c40000 - 0x00007ffdb4d02000 	C:\WINDOWS\System32\KERNEL32.DLL
0x00007ffdb3ce0000 - 0x00007ffdb4083000 	C:\WINDOWS\System32\KERNELBASE.dll
0x00007ffdb3aa0000 - 0x00007ffdb3bb1000 	C:\WINDOWS\System32\ucrtbase.dll
0x00007ffda3130000 - 0x00007ffda3147000 	C:\Program Files\JetBrains\IntelliJ IDEA 2023.1.2\jbr\bin\jli.dll
0x00007ffda3280000 - 0x00007ffda329b000 	C:\Program Files\JetBrains\IntelliJ IDEA 2023.1.2\jbr\bin\VCRUNTIME140.dll
0x00007ffdb4a00000 - 0x00007ffdb4bab000 	C:\WINDOWS\System32\USER32.dll
0x00007ffdb42a0000 - 0x00007ffdb42c6000 	C:\WINDOWS\System32\win32u.dll
0x00007ffdb4640000 - 0x00007ffdb4669000 	C:\WINDOWS\System32\GDI32.dll
0x00007ffdb3bc0000 - 0x00007ffdb3cd9000 	C:\WINDOWS\System32\gdi32full.dll
0x00007ffdb4090000 - 0x00007ffdb412a000 	C:\WINDOWS\System32\msvcp_win.dll
0x00007ffd9dfd0000 - 0x00007ffd9e25e000 	C:\WINDOWS\WinSxS\amd64_microsoft.windows.common-controls_6595b64144ccf1df_6.0.22621.1635_none_270f70857386168e\COMCTL32.dll
0x00007ffdb61f0000 - 0x00007ffdb6297000 	C:\WINDOWS\System32\msvcrt.dll
0x00007ffdb53e0000 - 0x00007ffdb5411000 	C:\WINDOWS\System32\IMM32.DLL
0x00007ffdad520000 - 0x00007ffdad52c000 	C:\Program Files\JetBrains\IntelliJ IDEA 2023.1.2\jbr\bin\vcruntime140_1.dll
0x00007ffd7bab0000 - 0x00007ffd7bb3d000 	C:\Program Files\JetBrains\IntelliJ IDEA 2023.1.2\jbr\bin\msvcp140.dll
0x00007ffd6d650000 - 0x00007ffd6e2be000 	C:\Program Files\JetBrains\IntelliJ IDEA 2023.1.2\jbr\bin\server\jvm.dll
0x00007ffdb6120000 - 0x00007ffdb61ce000 	C:\WINDOWS\System32\ADVAPI32.dll
0x00007ffdb6070000 - 0x00007ffdb6114000 	C:\WINDOWS\System32\sechost.dll
0x00007ffdb56b0000 - 0x00007ffdb57c7000 	C:\WINDOWS\System32\RPCRT4.dll
0x00007ffdab870000 - 0x00007ffdab879000 	C:\WINDOWS\SYSTEM32\WSOCK32.dll
0x00007ffdb5630000 - 0x00007ffdb56a1000 	C:\WINDOWS\System32\WS2_32.dll
0x00007ffdab800000 - 0x00007ffdab834000 	C:\WINDOWS\SYSTEM32\WINMM.dll
0x00007ffda9cd0000 - 0x00007ffda9cda000 	C:\WINDOWS\SYSTEM32\VERSION.dll
0x00007ffdb2940000 - 0x00007ffdb2958000 	C:\WINDOWS\SYSTEM32\kernel.appcore.dll
0x00007ffdaa860000 - 0x00007ffdaa86a000 	C:\Program Files\JetBrains\IntelliJ IDEA 2023.1.2\jbr\bin\jimage.dll
0x00007ffdb12d0000 - 0x00007ffdb14fe000 	C:\WINDOWS\SYSTEM32\DBGHELP.DLL
0x00007ffdb4670000 - 0x00007ffdb49f9000 	C:\WINDOWS\System32\combase.dll
0x00007ffdb4e80000 - 0x00007ffdb4f57000 	C:\WINDOWS\System32\OLEAUT32.dll
0x00007ffdae360000 - 0x00007ffdae392000 	C:\WINDOWS\SYSTEM32\dbgcore.DLL
0x00007ffdb38f0000 - 0x00007ffdb396b000 	C:\WINDOWS\System32\bcryptPrimitives.dll
0x00007ffda44a0000 - 0x00007ffda44c5000 	C:\Program Files\JetBrains\IntelliJ IDEA 2023.1.2\jbr\bin\java.dll

dbghelp: loaded successfully - version: 4.0.5 - missing functions: none
symbol engine: initialized successfully - sym options: 0x614 - pdb path: .;C:\Program Files\JetBrains\IntelliJ IDEA 2023.1.2\jbr\bin;C:\WINDOWS\SYSTEM32;C:\WINDOWS\WinSxS\amd64_microsoft.windows.common-controls_6595b64144ccf1df_6.0.22621.1635_none_270f70857386168e;C:\Program Files\JetBrains\IntelliJ IDEA 2023.1.2\jbr\bin\server

VM Arguments:
java_command: git4idea.http.GitAskPassApp Username for 'https://github.com': 
java_class_path (initial): C:/Program Files/JetBrains/IntelliJ IDEA 2023.1.2/plugins/vcs-git/lib/git4idea-rt.jar;C:/Program Files/JetBrains/IntelliJ IDEA 2023.1.2/lib/externalProcess-rt.jar
Launcher Type: SUN_STANDARD

[Global flags]
     intx CICompilerCount                          = 4                                         {product} {ergonomic}
     uint ConcGCThreads                            = 2                                         {product} {ergonomic}
     uint G1ConcRefinementThreads                  = 8                                         {product} {ergonomic}
   size_t G1HeapRegionSize                         = 1048576                                   {product} {ergonomic}
    uintx GCDrainStackTargetSize                   = 64                                        {product} {ergonomic}
   size_t InitialHeapSize                          = 132120576                                 {product} {ergonomic}
   size_t MarkStackSize                            = 4194304                                   {product} {ergonomic}
   size_t MaxHeapSize                              = 2090860544                                {product} {ergonomic}
   size_t MinHeapDeltaBytes                        = 1048576                                   {product} {ergonomic}
   size_t MinHeapSize                              = 8388608                                   {product} {ergonomic}
    uintx NonNMethodCodeHeapSize                   = 5839372                                {pd product} {ergonomic}
    uintx NonProfiledCodeHeapSize                  = 122909434                              {pd product} {ergonomic}
    uintx ProfiledCodeHeapSize                     = 122909434                              {pd product} {ergonomic}
    uintx ReservedCodeCacheSize                    = 251658240                              {pd product} {ergonomic}
     bool SegmentedCodeCache                       = true                                      {product} {ergonomic}
   size_t SoftMaxHeapSize                          = 2090860544                             {manageable} {ergonomic}
     bool UseCompressedClassPointers               = true                           {product lp64_product} {ergonomic}
     bool UseCompressedOops                        = true                           {product lp64_product} {ergonomic}
     bool UseG1GC                                  = true                                      {product} {ergonomic}
     bool UseLargePagesIndividualAllocation        = false                                  {pd product} {ergonomic}

Logging:
Log output configuration:
 #0: stdout all=warning uptime,level,tags
 #1: stderr all=off uptime,level,tags

Environment Variables:
JAVA_HOME=C:\openjdk-11+28_windows-x64_bin\jdk-11
PATH=C:\Git\mingw64\libexec\git-core;C:\Git\mingw64\libexec\git-core;C:\Git\mingw64\bin;C:\Git\usr\bin;C:\Users\user\bin;C:\openjdk-11+28_windows-x64_bin\jdk-11\bin;C:\Program Files (x86)\VMware\VMware Player\bin;C:\WINDOWS\system32;C:\WINDOWS;C:\WINDOWS\System32\Wbem;C:\WINDOWS\System32\WindowsPowerShell\v1.0;C:\WINDOWS\System32\OpenSSH;C:\Program Files (x86)\swipl\bin;C:\Program Files\Microsoft SQL Server\130\Tools\Binn;C:\Program Files\PuTTY;C:\Program Files\nodejs;C:\Git\cmd;C:\Users\user\AppData\Local\Programs\Python\Python39\Scripts;C:\Users\user\AppData\Local\Programs\Python\Python39;C:\Users\user\AppData\Local\Microsoft\WindowsApps;C:\Program Files\JetBrains\PyCharm Community Edition 2021.2.1\bin;C:\Intel\questa_fse\win64;C:\Program Files\JetBrains\IntelliJ IDEA Community Edition 2023.1.1\bin;C:\Program Files\JetBrains\DataGrip 2023.1.1\bin;C:\visual code\Microsoft VS Code\bin;C:\Users\user\AppData\Roaming\npm;C:\Program Files\JetBrains\IntelliJ IDEA 2023.1.2\bin
USERNAME=user
DISPLAY=:0.0
LC_ALL=en_US.UTF-8
TERM=xterm-256color
TMPDIR=C:\Users\user\AppData\Local\Temp
OS=Windows_NT
PROCESSOR_IDENTIFIER=Intel64 Family 6 Model 142 Stepping 12, GenuineIntel
TMP=C:\Users\user\AppData\Local\Temp
TEMP=C:\Users\user\AppData\Local\Temp


JNI global refs:

[error occurred during error reporting (JNI global references), id 0xc0000005, EXCEPTION_ACCESS_VIOLATION (0xc0000005) at pc=0x00007ffd6d707a10]


---------------  S Y S T E M  ---------------

OS:
 Windows 11 , 64 bit Build 22621 (10.0.22621.1778)
OS uptime: 0 days 14:05 hours

CPU: total 8 (initial active 8) (4 cores per cpu, 2 threads per core) family 6 model 142 stepping 12 microcode 0xde, cx8, cmov, fxsr, ht, mmx, 3dnowpref, sse, sse2, sse3, ssse3, sse4.1, sse4.2, popcnt, lzcnt, tsc, tscinvbit, avx, avx2, aes, erms, clmul, bmi1, bmi2, adx, fma, vzeroupper, clflush, clflushopt

Memory: 4k page, system-wide physical 7971M (418M free)
TotalPageFile size 9863M (AvailPageFile size 5M)
current process WorkingSet (physical memory assigned to process): 11M, peak: 11M
current process commit charge ("private bytes"): 59M, peak: 60M

vm_info: OpenJDK 64-Bit Server VM (17.0.6+10-b829.9) for windows-amd64 JRE (17.0.6+10-b829.9), built on 2023-04-09 by "builduser" with MS VC++ 16.10 / 16.11 (VS2019)

END.
